\BOOKMARK [0][-]{section*.1}{\376\377\000E\000x\000e\000c\000u\000t\000i\000v\000e\000\040\000S\000u\000m\000m\000a\000r\000y}{}% 1
\BOOKMARK [0][-]{chapter.7}{\376\377\000I\000n\000t\000r\000o\000d\000u\000c\000t\000i\000o\000n\000\040\000t\000o\000\040\000t\000h\000e\000\040\000G\000o\000v\000e\000r\000n\000m\000e\000n\000t\000\040\000S\000u\000p\000p\000o\000r\000t\000\040\000i\000n\000\040\000G\000e\000r\000m\000a\000n\000y}{}% 2
\BOOKMARK [0][-]{chapter.8}{\376\377\000L\000i\000t\000e\000r\000a\000t\000u\000r\000e\000\040\000R\000e\000v\000i\000e\000w}{}% 3
\BOOKMARK [1][-]{section.9}{\376\377\000P\000a\000n\000d\000e\000m\000i\000c\000\040\000e\000f\000f\000e\000c\000t\000s}{chapter.8}% 4
\BOOKMARK [1][-]{section.10}{\376\377\000G\000o\000v\000e\000r\000n\000m\000e\000n\000t\000\040\000s\000u\000p\000p\000o\000r\000t\000\040\000e\000f\000f\000e\000c\000t\000s}{chapter.8}% 5
\BOOKMARK [0][-]{chapter.11}{\376\377\000D\000a\000t\000a\000\040\000S\000o\000u\000r\000c\000e\000s}{}% 6
\BOOKMARK [1][-]{section.12}{\376\377\000D\000a\000t\000a\000\040\000o\000n\000\040\000G\000o\000v\000e\000r\000n\000m\000e\000n\000t\000\040\000s\000u\000p\000p\000o\000r\000t}{chapter.11}% 7
\BOOKMARK [1][-]{section.13}{\376\377\000C\000o\000m\000p\000a\000n\000y\000\040\000l\000e\000v\000e\000l\000\040\000f\000i\000n\000a\000n\000c\000i\000a\000l\000\040\000i\000n\000f\000o\000r\000m\000a\000t\000i\000o\000n}{chapter.11}% 8
\BOOKMARK [1][-]{section.15}{\376\377\000I\000n\000s\000o\000l\000v\000e\000n\000c\000y\000\040\000i\000n\000f\000o\000r\000m\000a\000t\000i\000o\000n}{chapter.11}% 9
\BOOKMARK [0][-]{chapter.16}{\376\377\000M\000e\000t\000h\000o\000d\000s}{}% 10
\BOOKMARK [1][-]{section.17}{\376\377\000B\000a\000l\000a\000n\000c\000e\000\040\000S\000h\000e\000e\000t\000\040\000R\000a\000t\000i\000o\000s}{chapter.16}% 11
\BOOKMARK [2][-]{subsection.18}{\376\377\000L\000i\000q\000u\000i\000d\000i\000t\000y\000\040\000R\000a\000t\000i\000o\000s}{section.17}% 12
\BOOKMARK [2][-]{subsection.19}{\376\377\000S\000o\000l\000v\000e\000n\000c\000y\000\040\000R\000a\000t\000i\000o\000s}{section.17}% 13
\BOOKMARK [1][-]{section.21}{\376\377\000D\000i\000f\000f\000e\000r\000e\000n\000c\000e\000-\000i\000n\000-\000D\000i\000f\000f\000e\000r\000e\000n\000c\000e\000s}{chapter.16}% 14
\BOOKMARK [1][-]{section.25}{\376\377\000C\000a\000u\000s\000a\000l\000\040\000C\000u\000r\000v\000e}{chapter.16}% 15
\BOOKMARK [0][-]{chapter.28}{\376\377\000R\000e\000s\000u\000l\000t\000s}{}% 16
\BOOKMARK [1][-]{section.29}{\376\377\000D\000a\000t\000a\000\040\000i\000n\000s\000i\000g\000h\000t\000s\000\040\000o\000n\000\040\000b\000e\000n\000e\000f\000i\000c\000i\000a\000r\000i\000e\000s}{chapter.28}% 17
\BOOKMARK [2][-]{subsection.30}{\376\377\000L\000i\000q\000u\000i\000d\000i\000t\000y}{section.29}% 18
\BOOKMARK [2][-]{subsection.31}{\376\377\000S\000o\000l\000v\000e\000n\000c\000y}{section.29}% 19
\BOOKMARK [2][-]{subsection.33}{\376\377\000I\000n\000s\000o\000l\000v\000e\000n\000c\000i\000e\000s\000\040\000o\000f\000\040\000b\000e\000n\000e\000f\000i\000c\000i\000a\000r\000i\000e\000s}{section.29}% 20
\BOOKMARK [2][-]{subsection.36}{\376\377\000R\000a\000t\000i\000o\000s\000\040\000o\000f\000\040\000i\000n\000s\000o\000l\000v\000e\000n\000c\000i\000e\000s}{section.29}% 21
\BOOKMARK [1][-]{section.38}{\376\377\000T\000h\000e\000\040\000e\000f\000f\000e\000c\000t\000\040\000o\000f\000\040\000g\000o\000v\000e\000r\000n\000m\000e\000n\000t\000\040\000s\000u\000p\000p\000o\000r\000t}{chapter.28}% 22
\BOOKMARK [2][-]{subsection.39}{\376\377\000T\000h\000e\000\040\000a\000v\000e\000r\000a\000g\000e\000\040\000e\000f\000f\000e\000c\000t\000\040\000o\000n\000\040\000f\000i\000r\000m\000\040\000l\000i\000q\000u\000i\000d\000i\000t\000y}{section.38}% 23
\BOOKMARK [2][-]{subsection.40}{\376\377\000T\000h\000e\000\040\000a\000v\000e\000r\000a\000g\000e\000\040\000e\000f\000f\000e\000c\000t\000\040\000o\000n\000\040\000s\000o\000l\000v\000e\000n\000c\000y\000\040\000o\000f\000\040\000f\000i\000r\000m\000s}{section.38}% 24
\BOOKMARK [2][-]{subsection.42}{\376\377\000A\000i\000d\000\040\000e\000f\000f\000e\000c\000t\000\040\000o\000n\000\040\000c\000o\000m\000p\000a\000n\000i\000e\000s\000\040\000t\000h\000a\000t\000\040\000l\000a\000t\000e\000r\000\040\000b\000e\000c\000o\000m\000e\000\040\000i\000n\000s\000o\000l\000v\000e\000n\000t}{section.38}% 25
\BOOKMARK [1][-]{section.44}{\376\377\000C\000a\000u\000s\000a\000l\000\040\000C\000u\000r\000v\000e}{chapter.28}% 26
\BOOKMARK [2][-]{subsection.45}{\376\377\000T\000h\000e\000\040\000r\000e\000l\000a\000t\000i\000o\000n\000s\000h\000i\000p\000\040\000o\000f\000\040\000l\000i\000q\000u\000i\000d\000i\000t\000y\000\040\000a\000n\000d\000\040\000a\000i\000d}{section.44}% 27
\BOOKMARK [2][-]{subsection.47}{\376\377\000T\000h\000e\000\040\000r\000e\000l\000a\000t\000i\000o\000n\000s\000h\000i\000p\000\040\000o\000f\000\040\000s\000o\000l\000v\000e\000n\000c\000y\000\040\000a\000n\000d\000\040\000a\000i\000d}{section.44}% 28
\BOOKMARK [0][-]{chapter.51}{\376\377\000C\000o\000n\000c\000l\000u\000s\000i\000o\000n}{}% 29
\BOOKMARK [1][-]{section.52}{\376\377\000P\000o\000l\000i\000c\000y\000\040\000I\000m\000p\000l\000i\000c\000a\000t\000i\000o\000n\000s}{chapter.51}% 30
\BOOKMARK [1][-]{section.53}{\376\377\000C\000o\000n\000c\000l\000u\000s\000i\000o\000n}{chapter.51}% 31
\BOOKMARK [0][-]{appendix.54}{\376\377\000F\000r\000e\000q\000u\000e\000n\000t\000l\000y\000\040\000A\000s\000k\000e\000d\000\040\000Q\000u\000e\000s\000t\000i\000o\000n\000s}{}% 32
\BOOKMARK [1][-]{section.55}{\376\377\000H\000o\000w\000\040\000d\000o\000\040\000I\000\040\000c\000h\000a\000n\000g\000e\000\040\000t\000h\000e\000\040\000c\000o\000l\000o\000r\000s\000\040\000o\000f\000\040\000l\000i\000n\000k\000s\000?}{appendix.54}% 33
\BOOKMARK [0][-]{appendix.57}{\376\377\000F\000u\000l\000l\000\040\000l\000i\000s\000t\000\040\000o\000f\000\040\000i\000n\000s\000o\000l\000v\000e\000n\000t\000\040\000a\000i\000d\000\040\000b\000e\000n\000e\000f\000i\000c\000i\000a\000r\000i\000e\000s\000\040\000b\000y\000\040\000i\000n\000d\000u\000s\000t\000r\000y}{}% 34
\BOOKMARK [0][-]{appendix*.59}{\376\377\000B\000i\000b\000l\000i\000o\000g\000r\000a\000p\000h\000y}{}% 35
\BOOKMARK [0][-]{section*.60}{\376\377\000S\000t\000a\000t\000e\000m\000e\000n\000t\000\040\000o\000f\000\040\000A\000u\000t\000h\000o\000r\000s\000h\000i\000p}{}% 36
